<?xml version="1.0" encoding="UTF-8"?>
<testng-results ignored="0" total="1" passed="1" failed="0" skipped="0">
  <reporter-output>
  </reporter-output>
  <suite started-at="2023-06-15T01:47:27 EDT" name="Default suite" finished-at="2023-06-15T01:48:32 EDT" duration-ms="65055">
    <groups>
    </groups>
    <test started-at="2023-06-15T01:47:27 EDT" name="Default test" finished-at="2023-06-15T01:48:32 EDT" duration-ms="65055">
      <class name="testCases.demoTest">
        <test-method is-config="true" signature="setUp()[pri:0, instance:testCases.demoTest@7bd4937b]" started-at="2023-06-15T01:47:27 EDT" name="setUp" finished-at="2023-06-15T01:48:02 EDT" duration-ms="34632" status="PASS">
          <reporter-output>
          </reporter-output>
        </test-method> <!-- setUp -->
        <test-method signature="demoTesting()[pri:0, instance:testCases.demoTest@7bd4937b]" started-at="2023-06-15T01:48:02 EDT" name="demoTesting" finished-at="2023-06-15T01:48:32 EDT" duration-ms="30351" status="PASS">
          <reporter-output>
          </reporter-output>
        </test-method> <!-- demoTesting -->
      </class> <!-- testCases.demoTest -->
    </test> <!-- Default test -->
  </suite> <!-- Default suite -->
</testng-results>
